-----------------------------------------------------------------------------

 BusPirate XSVF Player V.01
 http://www.dangerousprototypes.com

-----------------------------------------------------------------------------
 Opening Bus Pirate on com18 at 115200bps, using XSVF file xc95test.xsvf 
 Sending File Content.. 
07 20 12 00 12 01 04 00 00 00 00 02 08 FE 08 00 00 00 20 01 0F FF FF FF 09 00 
00 00 00 F9 60 40 93 02 08 FF 02 08 E8 08 00 00 00 06 01 00 09 05 00 02 08 ED 
04 00 03 0D 40 08 00 00 00 12 01 00 00 00 09 03 FF FF 00 00 00 01 00 00 03 09 
03 FF FD 00 00 01 04 00 00 00 64 02 08 F0 04 00 00 00 00 02 08 E8 08 00 00 00 
06 01 00 09 05 00 02 08 EA 08 00 00 00 32 01 00 00 00 00 00 00 00 09 00 00 00 
00 00 00 01 00 00 00 00 00 00 00 09 00 00 04 00 00 00 01 00 00 00 00 00 00 00 
09 00 00 08 00 00 00 01 00 00 00 00 00 00 00 09 00 00 0C 00 00 00 01 00 00 00 
00 00 00 00 09 00 00 10 00 00 00 01 00 00 00 00 00 00 00 09 00 00 20 00 00 00 
01 00 00 00 00 00 00 00 09 00 00 24 00 00 00 01 00 00 00 00 00 00 00 09 00 00 
28 00 00 00 01 00 00 00 00 00 00 00 09 00 00 2C 00 00 00 01 00 00 00 00 00 00 
00 09 00 00 30 00 00 00 01 00 00 00 00 00 00 00 09 00 00 40 00 00 00 01 00 00 
00 00 00 00 00 09 00 00 44 00 00 00 01 00 00 00 00 00 00 00 09 00 00 48 00 00 
00 01 00 00 00 00 00 00 00 09 00 00 4C 00 00 00 01 00 00 00 00 00 00 00 04 00 
00 4E 20 09 00 00 50 00 00 00 03 00 00 00 00 00 00 00 01 00 00 00 00 00 00 03 
09 00 00 80 00 00 00 00 00 00 00 00 00 00 01 01 00 00 00 00 00 00 00 04 00 00 
00 00 09 00 00 80 00 00 00 01 00 00 00 00 00 00 00 09 00 00 84 00 00 00 01 00 
00 00 00 00 00 00 09 00 00 88 00 00 00 01 00 00 00 00 00 00 00 09 00 00 8C 00 
00 00 01 00 00 00 00 00 00 00 09 00 00 90 00 00 00 01 00 00 00 00 00 00 00 09 
00 00 A0 00 00 00 01 00 00 00 00 00 00 00 09 00 00 A4 00 00 00 01 00 00 00 00 
00 00 00 09 00 00 A8 00 00 00 01 00 00 00 00 00 00 00 09 00 00 AC 00 00 00 01 
00 00 00 00 00 00 00 09 00 00 B0 00 00 00 01 00 00 00 00 00 00 00 09 00 00 C0 
00 00 00 01 00 00 00 00 00 00 00 09 00 00 C4 00 00 00 01 00 00 00 00 00 00 00 
09 00 00 C8 00 00 00 01 00 00 00 00 00 00 00 09 00 00 CC 00 00 00 01 00 00 00 
00 00 00 00 04 00 00 4E 20 09 00 00 D0 00 00 00 03 00 00 00 00 00 00 00 01 00 
00 00 00 00 00 03 09 00 01 00 00 00 00 00 00 00 00 00 00 00 01 01 00 00 00 00 
00 00 00 04 00 00 00 00 09 00 01 00 00 00 00 01 00 00 00 00 00 00 00 09 00 01 
04 00 00 00 01 00 00 00 00 00 00 00 09 00 01 08 00 00 00 01 00 00 00 00 00 00 
00 09 00 01 0C 00 00 00 01 00 00 00 00 00 00 00 09 00 01 10 00 00 00 01 00 00 
00 00 00 00 00 09 00 01 20 00 00 00 01 00 00 00 00 00 00 00 09 00 01 24 00 00 
00 01 00 00 00 00 00 00 00 09 00 01 28 00 00 00 01 00 00 00 00 00 00 00 09 00 
01 2C 00 00 01 01 00 00 00 00 00 00 00 09 00 01 30 00 00 00 01 00 00 00 00 00 
00 00 09 00 01 40 00 00 00 01 00 00 00 00 00 00 00 09 00 01 44 00 00 00 01 00 
00 00 00 00 00 00 09 00 01 48 00 00 00 01 00 00 00 00 00 00 00 09 00 01 4C 00 
00 00 01 00 00 00 00 00 00 00 04 00 00 4E 20 09 00 01 50 00 00 00 03 00 00 00 
00 00 00 00 01 00 00 00 00 00 00 03 09 00 01 80 00 00 00 00 00 00 00 00 00 00 
01 01 00 00 00 00 00 00 00 04 00 00 00 00 09 00 01 80 00 00 00 01 00 00 00 00 
00 00 00 09 00 01 84 00 00 00 01 00 00 00 00 00 00 00 09 00 01 88 00 00 00 01 
00 00 00 00 00 00 00 09 00 01 8C 00 00 00 01 00 00 00 00 00 00 00 09 00 01 90 
00 00 00 01 00 00 00 00 00 00 00 09 00 01 A0 00 00 00 01 00 00 00 00 00 00 00 
09 00 01 A4 00 00 00 01 00 00 00 00 00 00 00 09 00 01 A8 00 00 00 01 00 00 00 
00 00 00 00 09 00 01 AC 00 00 00 01 00 00 00 00 00 00 00 09 00 01 B0 00 00 00 
01 00 00 00 00 00 00 00 09 00 01 C0 00 00 00 01 00 00 00 00 00 00 00 09 00 01 
C4 00 00 00 01 00 00 00 00 00 00 00 09 00 01 C8 00 00 00 01 00 00 00 00 00 00 
00 09 00 01 CC 00 00 00 01 00 00 00 00 00 00 00 04 00 00 4E 20 09 00 01 D0 00 
00 00 03 00 00 00 00 00 00 00 01 00 00 00 00 00 00 03 09 00 02 00 00 00 00 00 
00 00 00 00 00 00 01 01 00 00 00 00 00 00 00 04 00 00 00 00 09 00 02 00 00 00 
00 01 00 00 00 00 00 00 00 09 00 02 04 00 00 00 01 00 00 00 00 00 00 00 09 00 
02 08 00 00 00 01 00 00 00 00 00 00 00 09 00 02 0C 00 00 00 01 00 00 00 00 00 
00 00 09 00 02 10 00 00 00 01 00 00 00 00 00 00 00 09 00 02 20 00 00 00 01 00 
00 00 00 00 00 00 09 00 02 24 00 00 00 01 00 00 00 00 00 00 00 09 00 02 28 00 
00 00 01 00 00 00 00 00 00 00 09 00 02 2C 00 00 00 01 00 00 00 00 00 00 00 09 
00 02 30 00 00 00 01 00 00 00 00 00 00 00 09 00 02 40 00 00 00 01 00 00 00 00 
00 00 00 09 00 02 44 00 00 00 01 00 00 00 00 00 00 00 09 00 02 48 00 00 00 01 
00 00 00 00 00 00 00 09 00 02 4C 00 00 00 01 00 00 00 00 00 00 00 04 00 00 4E 
20 09 00 02 50 00 00 00 03 00 00 00 00 00 00 00 01 00 00 00 00 00 00 03 09 00 
02 80 00 00 00 00 00 00 00 00 00 00 01 01 00 00 00 00 00 00 00 04 00 00 00 00 
09 00 02 80 00 00 00 01 00 00 00 00 00 00 00 09 00 02 84 00 00 00 01 00 00 00 
00 00 00 00 09 00 02 88 00 00 00 01 00 00 00 00 00 00 00 09 00 02 8C 00 00 00 
01 00 00 00 00 00 00 00 09 00 02 90 00 00 00 01 00 00 00 00 00 00 00 09 00 02 
A0 00 00 00 01 00 00 00 00 00 00 00 09 00 02 A4 00 00 00 01 00 00 00 00 00 00 
00 09 00 02 A8 00 00 00 01 00 00 00 00 00 00 00 09 00 02 AC 00 00 00 01 00 00 
00 00 00 00 00 09 00 02 B0 00 00 00 01 00 00 00 00 00 00 00 09 00 02 C0 00 00 
00 01 00 00 00 00 00 00 00 09 00 02 C4 00 00 00 01 00 00 00 00 00 00 00 09 00 
02 C8 00 00 00 01 00 00 00 00 00 00 00 09 00 02 CC 00 00 00 01 00 00 00 00 00 
00 00 04 00 00 4E 20 09 00 02 D0 00 00 00 03 00 00 00 00 00 00 00 01 00 00 00 
00 00 00 03 09 00 03 00 00 00 01 00 00 00 00 00 00 00 01 01 00 00 00 00 00 00 
00 04 00 00 00 00 09 00 03 00 00 00 01 01 00 00 00 00 00 00 00 09 00 03 04 00 
00 03 01 00 00 00 00 00 00 00 09 00 03 08 00 00 00 01 00 00 00 00 00 00 00 09 
00 03 0C 00 00 00 01 00 00 00 00 00 00 00 09 00 03 10 00 00 01 01 00 00 00 00 
00 00 00 09 00 03 20 00 00 02 01 00 00 00 00 00 00 00 09 00 03 24 00 00 03 01 
00 00 00 00 00 00 00 09 00 03 28 00 00 03 01 00 00 00 00 00 00 00 09 00 03 2C 
00 00 00 01 00 00 00 00 00 00 00 09 00 03 30 00 00 00 01 00 00 00 00 00 00 00 
09 00 03 40 00 00 00 01 00 00 00 00 00 00 00 09 00 03 44 00 00 00 01 00 00 00 
00 00 00 00 09 00 03 48 00 00 00 01 00 00 00 00 00 00 00 09 00 03 4C 00 00 00 
01 00 00 00 00 00 00 00 04 00 00 4E 20 09 00 03 50 00 00 00 03 00 00 00 00 00 
00 00 01 00 00 00 00 00 00 03 09 00 03 80 00 00 01 00 00 00 00 00 00 00 01 01 
00 00 00 00 00 00 00 04 00 00 00 00 09 00 03 80 00 00 01 01 00 00 00 00 00 00 
00 09 00 03 84 00 00 03 01 00 00 00 00 00 00 00 09 00 03 88 00 00 01 01 00 00 
00 00 00 00 00 09 00 03 8C 00 00 03 01 00 00 00 00 00 00 00 09 00 03 90 00 00 
01 01 00 00 00 00 00 00 00 09 00 03 A0 00 00 02 01 00 00 00 00 00 00 00 09 00 
03 A4 00 00 01 01 00 00 00 00 00 00 00 09 00 03 A8 00 00 01 01 00 00 00 00 00 
00 00 09 00 03 AC 00 00 00 01 00 00 00 00 00 00 00 09 00 03 B0 00 00 00 01 00 
00 00 00 00 00 00 09 00 03 C0 00 00 00 01 00 00 00 00 00 00 00 09 00 03 C4 00 
00 00 01 00 00 00 00 00 00 00 09 00 03 C8 00 00 00 01 00 00 00 00 00 00 00 09 
00 03 CC 00 00 00 01 00 00 00 00 00 00 00 04 00 00 4E 20 09 00 03 D0 00 00 00 
03 00 00 00 00 00 00 00 01 00 00 00 00 00 00 03 09 00 04 00 00 00 00 00 00 00 
00 00 00 00 01 01 00 00 00 00 00 00 00 04 00 00 00 00 09 00 04 00 00 00 00 01 
00 00 00 00 00 00 00 09 00 04 04 00 00 00 01 00 00 00 00 00 00 00 09 00 04 08 
00 00 00 01 00 00 00 00 00 00 00 09 00 04 0C 00 00 00 01 00 00 00 00 00 00 00 
09 00 04 10 00 00 00 01 00 00 00 00 00 00 00 09 00 04 20 00 00 00 01 00 00 00 
00 00 00 00 09 00 04 24 00 00 00 01 00 00 00 00 00 00 00 09 00 04 28 00 00 00 
01 00 00 00 00 00 00 00 09 00 04 2C 00 00 00 01 00 00 00 00 00 00 00 09 00 04 
30 00 00 00 01 00 00 00 00 00 00 00 09 00 04 40 00 00 00 01 00 00 00 00 00 00 
00 09 00 04 44 00 00 00 01 00 00 00 00 00 00 00 09 00 04 48 00 00 00 01 00 00 
00 00 00 00 00 09 00 04 4C 00 00 00 01 00 00 00 00 00 00 00 04 00 00 4E 20 09 
00 04 50 00 00 00 03 00 00 00 00 00 00 00 01 00 00 00 00 00 00 03 09 00 04 80 
00 00 00 00 00 00 00 00 00 00 01 01 00 00 00 00 00 00 00 04 00 00 00 00 09 00 
04 80 00 00 00 01 00 00 00 00 00 00 00 09 00 04 84 00 00 00 01 00 00 00 00 00 
00 00 09 00 04 88 00 00 00 01 00 00 00 00 00 00 00 09 00 04 8C 00 00 00 01 00 
00 00 00 00 00 00 09 00 04 90 00 00 00 01 00 00 00 00 00 00 00 09 00 04 A0 00 
00 00 01 00 00 00 00 00 00 00 09 00 04 A4 00 00 00 01 00 00 00 00 00 00 00 09 
00 04 A8 00 00 00 01 00 00 00 00 00 00 00 09 00 04 AC 00 00 00 01 00 00 00 00 
00 00 00 09 00 04 B0 00 00 00 01 00 00 00 00 00 00 00 09 00 04 C0 00 00 00 01 
00 00 00 00 00 00 00 09 00 04 C4 00 00 00 01 00 00 00 00 00 00 00 09 00 04 C8 
00 00 00 01 00 00 00 00 00 00 00 09 00 04 CC 00 00 00 01 00 00 00 00 00 00 00 
04 00 00 4E 20 09 00 04 D0 00 00 00 03 00 00 00 00 00 00 00 01 00 00 00 00 00 
00 03 09 00 05 00 00 00 00 00 00 00 00 00 00 00 01 01 00 00 00 00 00 00 00 04 
00 00 00 00 09 00 05 00 00 00 00 01 00 00 00 00 00 00 00 09 00 05 04 00 00 00 
01 00 00 00 00 00 00 00 09 00 05 08 00 00 00 01 00 00 00 00 00 00 00 09 00 05 
0C 00 00 00 01 00 00 00 00 00 00 00 09 00 05 10 00 00 00 01 00 00 00 00 00 00 
00 09 00 05 20 00 00 00 01 00 00 00 00 00 00 00 09 00 05 24 00 00 00 01 00 00 
00 00 00 00 00 09 00 05 28 00 00 00 01 00 00 00 00 00 00 00 09 00 05 2C 00 00 
00 01 00 00 00 00 00 00 00 09 00 05 30 00 00 00 01 00 00 00 00 00 00 00 09 00 
05 40 00 00 00 01 00 00 00 00 00 00 00 09 00 05 44 00 00 00 01 00 00 00 00 00 
00 00 09 00 05 48 00 00 00 01 00 00 00 00 00 00 00 09 00 05 4C 00 00 00 01 00 
00 00 00 00 00 00 04 00 00 4E 20 09 00 05 50 00 00 00 03 00 00 00 00 00 00 00 
01 00 00 00 00 00 00 03 09 00 05 80 00 00 00 00 00 00 00 00 00 00 01 01 00 00 
00 00 00 00 00 04 00 00 00 00 09 00 05 80 00 00 00 01 00 00 00 00 00 00 00 09 
00 05 84 00 00 00 01 00 00 00 00 00 00 00 09 00 05 88 00 00 00 01 00 00 00 00 
00 00 00 09 00 05 8C 00 00 00 01 00 00 00 00 00 00 00 09 00 05 90 00 00 00 01 
00 00 00 00 00 00 00 09 00 05 A0 00 00 00 01 00 00 00 00 00 00 00 09 00 05 A4 
00 00 00 01 00 00 00 00 00 00 00 09 00 05 A8 00 00 00 01 00 00 00 00 00 00 00 
09 00 05 AC 00 00 00 01 00 00 00 00 00 00 00 09 00 05 B0 00 00 00 01 00 00 00 
00 00 00 00 09 00 05 C0 00 00 00 01 00 00 00 00 00 00 00 09 00 05 C4 00 00 00 
01 00 00 00 00 00 00 00 09 00 05 C8 00 00 00 01 00 00 00 00 00 00 00 09 00 05 
CC 00 00 00 01 00 00 00 00 00 00 00 04 00 00 4E 20 09 00 05 D0 00 00 00 03 00 
00 00 00 00 00 00 01 00 00 00 00 00 00 03 09 00 06 00 00 00 00 00 00 00 00 00 
00 00 01 01 00 00 00 00 00 00 00 04 00 00 00 00 09 00 06 00 00 00 00 01 00 00 
00 00 00 00 00 09 00 06 04 00 00 01 01 00 00 00 00 00 00 00 09 00 06 08 00 00 
00 01 00 00 00 00 00 00 00 09 00 06 0C 00 00 00 01 00 00 00 00 00 00 00 09 00 
06 10 00 00 00 01 00 00 00 00 00 00 00 09 00 06 20 00 00 00 01 00 00 00 00 00 
00 00 09 00 06 24 00 00 00 01 00 00 00 00 00 00 00 09 00 06 28 00 02 00 01 00 
00 00 00 00 00 00 09 00 06 2C 00 00 00 01 00 00 00 00 00 00 00 09 00 06 30 00 
00 00 01 00 00 00 00 00 00 00 09 00 06 40 00 00 00 01 00 00 00 00 00 00 00 09 
00 06 44 00 00 00 01 00 00 00 00 00 00 00 09 00 06 48 00 00 00 01 00 00 00 00 
00 00 00 09 00 06 4C 00 00 00 01 00 00 00 00 00 00 00 04 00 00 4E 20 09 00 06 
50 00 00 00 03 00 00 00 00 00 00 00 01 00 00 00 00 00 00 03 09 00 06 80 00 00 
00 00 00 00 00 00 00 00 01 01 00 00 00 00 00 00 00 04 00 00 00 00 09 00 06 80 
00 00 00 01 00 00 00 00 00 00 00 09 00 06 84 00 00 00 01 00 00 00 00 00 00 00 
09 00 06 88 00 00 00 01 00 00 00 00 00 00 00 09 00 06 8C 00 00 00 01 00 00 00 
00 00 00 00 09 00 06 90 00 00 00 01 00 00 00 00 00 00 00 09 00 06 A0 00 00 00 
01 00 00 00 00 00 00 00 09 00 06 A4 00 00 00 01 00 00 00 00 00 00 00 09 00 06 
A8 00 00 00 01 00 00 00 00 00 00 00 09 00 06 AC 00 00 00 01 00 00 00 00 00 00 
00 09 00 06 B0 00 00 00 01 00 00 00 00 00 00 00 09 00 06 C0 00 00 00 01 00 00 
00 00 00 00 00 09 00 06 C4 00 00 00 01 00 00 00 00 00 00 00 09 00 06 C8 00 00 
00 01 00 00 00 00 00 00 00 09 00 06 CC 00 00 00 01 00 00 00 00 00 00 00 04 00 
00 4E 20 09 00 06 D0 00 00 00 03 00 00 00 00 00 00 00 01 00 00 00 00 00 00 03 
09 00 07 00 00 00 00 00 00 00 00 00 00 00 01 01 00 00 00 00 00 00 00 04 00 00 
00 00 09 00 07 00 00 00 00 01 00 00 00 00 00 00 00 09 00 07 04 00 00 00 01 00 
00 00 00 00 00 00 09 00 07 08 00 00 00 01 00 00 00 00 00 00 00 09 00 07 0C 00 
00 00 01 00 00 00 00 00 00 00 09 00 07 10 00 00 00 01 00 00 00 00 00 00 00 09 
00 07 20 00 00 00 01 00 00 00 00 00 00 00 09 00 07 24 00 00 00 01 00 00 00 00 
00 00 00 09 00 07 28 00 00 00 01 00 00 00 00 00 00 00 09 00 07 2C 00 00 00 01 
00 00 00 00 00 00 00 09 00 07 30 00 00 00 01 00 00 00 00 00 00 00 09 00 07 40 
00 00 00 01 00 00 00 00 00 00 00 09 00 07 44 00 00 00 01 00 00 00 00 00 00 00 
09 00 07 48 00 00 00 01 00 00 00 00 00 00 00 09 00 07 4C 00 00 00 01 00 00 00 
00 00 00 00 04 00 00 4E 20 09 00 07 50 00 00 00 03 00 00 00 00 00 00 00 01 00 
00 00 00 00 00 03 09 00 07 80 00 00 00 00 00 00 00 00 00 00 01 01 00 00 00 00 
00 00 00 04 00 00 00 00 09 00 07 80 00 00 00 01 00 00 00 00 00 00 00 09 00 07 
84 00 00 00 01 00 00 00 00 00 00 00 09 00 07 88 00 00 00 01 00 00 00 00 00 00 
00 09 00 07 8C 00 00 00 01 00 00 00 00 00 00 00 09 00 07 90 00 00 00 01 00 00 
00 00 00 00 00 09 00 07 A0 00 00 00 01 00 00 00 00 00 00 00 09 00 07 A4 00 00 
00 01 00 00 00 00 00 00 00 09 00 07 A8 00 00 00 01 00 00 00 00 00 00 00 09 00 
07 AC 00 00 00 01 00 00 00 00 00 00 00 09 00 07 B0 00 00 00 01 00 00 00 00 00 
00 00 09 00 07 C0 00 00 00 01 00 00 00 00 00 00 00 09 00 07 C4 00 00 00 01 00 
00 00 00 00 00 00 09 00 07 C8 00 00 00 01 00 00 00 00 00 00 00 09 00 07 CC 00 
00 00 01 00 00 00 00 00 00 00 04 00 00 4E 20 09 00 07 D0 00 00 00 03 00 00 00 
00 00 00 00 01 00 00 00 00 00 00 03 09 00 08 00 00 00 00 00 00 00 00 00 00 00 
01 01 00 00 00 00 00 00 00 04 00 00 00 00 09 00 08 00 00 00 00 01 00 00 00 00 
00 00 00 09 00 08 04 00 00 00 01 00 00 00 00 00 00 00 09 00 08 08 00 00 00 01 
00 00 00 00 00 00 00 09 00 08 0C 00 00 00 01 00 00 00 00 00 00 00 09 00 08 10 
00 00 00 01 00 00 00 00 00 00 00 09 00 08 20 00 00 00 01 00 00 00 00 00 00 00 
09 00 08 24 00 00 00 01 00 00 00 00 00 00 00 09 00 08 28 00 00 00 01 00 00 00 
00 00 00 00 09 00 08 2C 00 00 00 01 00 00 00 00 00 00 00 09 00 08 30 00 00 00 
01 00 00 00 00 00 00 00 09 00 08 40 00 00 00 01 00 00 00 00 00 00 00 09 00 08 
44 00 00 00 01 00 00 00 00 00 00 00 09 00 08 48 00 00 00 01 00 00 00 00 00 00 
00 09 00 08 4C 00 00 00 01 00 00 00 00 00 00 00 04 00 00 4E 20 09 00 08 50 00 
00 00 03 00 00 00 00 00 00 00 01 00 00 00 00 00 00 03 09 00 08 80 00 00 00 00 
00 00 00 00 00 00 01 01 00 00 00 00 00 00 00 04 00 00 00 00 09 00 08 80 00 00 
00 01 00 00 00 00 00 00 00 09 00 08 84 00 00 00 01 00 00 00 00 00 00 00 09 00 
08 88 00 00 00 01 00 00 00 00 00 00 00 09 00 08 8C 00 00 00 01 00 00 00 00 00 
00 00 09 00 08 90 00 00 00 01 00 00 00 00 00 00 00 09 00 08 A0 00 00 00 01 00 
00 00 00 00 00 00 09 00 08 A4 00 00 00 01 00 00 00 00 00 00 00 09 00 08 A8 00 
00 00 01 00 00 00 00 00 00 00 09 00 08 AC 00 00 00 01 00 00 00 00 00 00 00 09 
00 08 B0 00 00 00 01 00 00 00 00 00 00 00 09 00 08 C0 00 00 00 01 00 00 00 00 
00 00 00 09 00 08 C4 00 00 00 01 00 00 00 00 00 00 00 09 00 08 C8 00 00 00 01 
00 00 00 00 00 00 00 09 00 08 CC 00 00 00 01 00 00 00 00 00 00 00 04 00 00 4E 
20 09 00 08 D0 00 00 00 03 00 00 00 00 00 00 00 01 00 00 00 00 00 00 03 09 00 
09 00 00 00 00 00 00 00 00 00 00 00 01 01 00 00 00 00 00 00 00 04 00 00 00 00 
09 00 09 00 00 00 00 01 00 00 00 00 00 00 00 09 00 09 04 00 00 00 01 00 00 00 
00 00 00 00 09 00 09 08 00 00 00 01 00 00 00 00 00 00 00 09 00 09 0C 00 00 00 
01 00 00 00 00 00 00 00 09 00 09 10 00 00 00 01 00 00 00 00 00 00 00 09 00 09 
20 00 00 00 01 00 00 00 00 00 00 00 09 00 09 24 00 00 00 01 00 00 00 00 00 00 
00 09 00 09 28 00 00 00 01 00 00 00 00 00 00 00 09 00 09 2C 00 00 00 01 00 00 
00 00 00 00 00 09 00 09 30 00 00 00 01 00 00 00 00 00 00 00 09 00 09 40 00 00 
00 01 00 00 00 00 00 00 00 09 00 09 44 00 00 00 01 00 00 00 00 00 00 00 09 00 
09 48 00 00 00 01 00 00 00 00 00 00 00 09 00 09 4C 00 00 00 01 00 00 00 00 00 
00 00 04 00 00 4E 20 09 00 09 50 00 00 00 03 00 00 00 00 00 00 00 01 00 00 00 
00 00 00 03 09 00 09 80 00 00 00 00 00 00 00 00 00 00 01 01 00 00 00 00 00 00 
00 04 00 00 00 00 09 00 09 80 00 00 00 01 00 00 00 00 00 00 00 09 00 09 84 00 
00 00 01 00 00 00 00 00 00 00 09 00 09 88 00 00 00 01 00 00 00 00 00 00 00 09 
00 09 8C 00 00 00 01 00 00 00 00 00 00 00 09 00 09 90 00 00 00 01 00 00 00 00 
00 00 00 09 00 09 A0 00 00 00 01 00 00 00 00 00 00 00 09 00 09 A4 00 00 00 01 
00 00 00 00 00 00 00 09 00 09 A8 00 00 00 01 00 00 00 00 00 00 00 09 00 09 AC 
00 00 00 01 00 00 00 00 00 00 00 09 00 09 B0 00 00 00 01 00 00 00 00 00 00 00 
09 00 09 C0 00 00 00 01 00 00 00 00 00 00 00 09 00 09 C4 00 00 00 01 00 00 00 
00 00 00 00 09 00 09 C8 00 00 00 01 00 00 00 00 00 00 00 09 00 09 CC 00 00 00 
01 00 00 00 00 00 00 00 04 00 00 4E 20 09 00 09 D0 00 00 00 03 00 00 00 00 00 
00 00 01 00 00 00 00 00 00 03 09 00 0A 00 00 00 00 00 00 00 00 00 00 00 01 01 
00 00 00 00 00 00 00 04 00 00 00 00 09 00 0A 00 00 00 00 01 00 00 00 00 00 00 
00 09 00 0A 04 00 00 00 01 00 00 00 00 00 00 00 09 00 0A 08 00 00 00 01 00 00 
00 00 00 00 00 09 00 0A 0C 00 00 00 01 00 00 00 00 00 00 00 09 00 0A 10 00 00 
00 01 00 00 00 00 00 00 00 09 00 0A 20 00 00 00 01 00 00 00 00 00 00 00 09 00 
0A 24 00 00 00 01 00 00 00 00 00 00 00 09 00 0A 28 00 00 00 01 00 00 00 00 00 
00 00 09 00 0A 2C 00 00 00 01 00 00 00 00 00 00 00 09 00 0A 30 00 00 00 01 00 
00 00 00 00 00 00 09 00 0A 40 00 00 00 01 00 00 00 00 00 00 00 09 00 0A 44 00 
00 00 01 00 00 00 00 00 00 00 09 00 0A 48 00 00 00 01 00 00 00 00 00 00 00 09 
00 0A 4C 00 00 00 01 00 00 00 00 00 00 00 04 00 00 4E 20 09 00 0A 50 00 00 00 
03 00 00 00 00 00 00 00 01 00 00 00 00 00 00 03 09 00 0A 80 00 00 00 00 00 00 
00 00 00 00 01 01 00 00 00 00 00 00 00 04 00 00 00 00 09 00 0A 80 00 00 00 01 
00 00 00 00 00 00 00 09 00 0A 84 00 00 00 01 00 00 00 00 00 00 00 09 00 0A 88 
00 00 00 01 00 00 00 00 00 00 00 09 00 0A 8C 00 00 00 01 00 00 00 00 00 00 00 
09 00 0A 90 00 00 00 01 00 00 00 00 00 00 00 09 00 0A A0 00 00 00 01 00 00 00 
00 00 00 00 09 00 0A A4 00 00 00 01 00 00 00 00 00 00 00 09 00 0A A8 00 00 00 
01 00 00 00 00 00 00 00 09 00 0A AC 00 00 00 01 00 00 00 00 00 00 00 09 00 0A 
B0 00 00 00 01 00 00 00 00 00 00 00 09 00 0A C0 00 00 00 01 00 00 00 00 00 00 
00 09 00 0A C4 00 00 00 01 00 00 00 00 00 00 00 09 00 0A C8 00 00 00 01 00 00 
00 00 00 00 00 09 00 0A CC 00 00 00 01 00 00 00 00 00 00 00 04 00 00 4E 20 09 
00 0A D0 00 00 00 03 00 00 00 00 00 00 00 01 00 00 00 00 00 00 03 09 00 0B 00 
00 00 00 00 00 00 00 00 00 00 01 01 00 00 00 00 00 00 00 04 00 00 00 00 09 00 
0B 00 00 00 00 01 00 00 00 00 00 00 00 09 00 0B 04 00 00 00 01 00 00 00 00 00 
00 00 09 00 0B 08 00 00 00 01 00 00 00 00 00 00 00 09 00 0B 0C 00 00 00 01 00 
00 00 00 00 00 00 09 00 0B 10 00 00 00 01 00 00 00 00 00 00 00 09 00 0B 20 00 
00 00 01 00 00 00 00 00 00 00 09 00 0B 24 00 00 00 01 00 00 00 00 00 00 00 09 
00 0B 28 00 00 00 01 00 00 00 00 00 00 00 09 00 0B 2C 00 00 00 01 00 00 00 00 
00 00 00 09 00 0B 30 00 00 00 01 00 00 00 00 00 00 00 09 00 0B 40 00 00 00 01 
00 00 00 00 00 00 00 09 00 0B 44 00 00 00 01 00 00 00 00 00 00 00 09 00 0B 48 
00 00 00 01 00 00 00 00 00 00 00 09 00 0B 4C 00 00 00 01 00 00 00 00 00 00 00 
04 00 00 4E 20 09 00 0B 50 00 00 00 03 00 00 00 00 00 00 00 01 00 00 00 00 00 
00 03 09 00 0B 80 00 00 00 00 00 00 00 00 00 00 01 01 00 00 00 00 00 00 00 04 
00 00 00 00 09 00 0B 80 00 00 00 01 00 00 00 00 00 00 00 09 00 0B 84 00 00 00 
01 00 00 00 00 00 00 00 09 00 0B 88 00 00 00 01 00 00 00 00 00 00 00 09 00 0B 
8C 00 00 00 01 00 00 00 00 00 00 00 09 00 0B 90 00 00 00 01 00 00 00 00 00 00 
00 09 00 0B A0 00 00 00 01 00 00 00 00 00 00 00 09 00 0B A4 00 00 00 01 00 00 
00 00 00 00 00 09 00 0B A8 00 00 00 01 00 00 00 00 00 00 00 09 00 0B AC 00 00 
00 01 00 00 00 00 00 00 00 09 00 0B B0 00 00 00 01 00 00 00 00 00 00 00 09 00 
0B C0 00 00 00 01 00 00 00 00 00 00 00 09 00 0B C4 00 00 00 01 00 00 00 00 00 
00 00 09 00 0B C8 00 00 00 01 00 00 00 00 00 00 00 09 00 0B CC 00 00 00 01 00 
00 00 00 00 00 00 04 00 00 4E 20 09 00 0B D0 00 00 00 03 00 00 00 00 00 00 00 
01 00 00 00 00 00 00 03 09 00 0C 00 00 00 00 00 00 00 00 00 00 00 01 01 00 00 
00 00 00 00 00 04 00 00 00 00 09 00 0C 00 00 00 00 01 00 00 00 00 00 00 00 09 
00 0C 04 00 00 00 01 00 00 00 00 00 00 00 09 00 0C 08 00 00 00 01 00 00 00 00 
00 00 00 09 00 0C 0C 00 00 00 01 00 00 00 00 00 00 00 09 00 0C 10 00 00 00 01 
00 00 00 00 00 00 00 09 00 0C 20 00 00 00 01 00 00 00 00 00 00 00 09 00 0C 24 
00 00 00 01 00 00 00 00 00 00 00 09 00 0C 28 00 00 00 01 00 00 00 00 00 00 00 
09 00 0C 2C 00 00 00 01 00 00 00 00 00 00 00 09 00 0C 30 00 00 00 01 00 00 00 
00 00 00 00 09 00 0C 40 00 00 00 01 00 00 00 00 00 00 00 09 00 0C 44 00 00 00 
01 00 00 00 00 00 00 00 09 00 0C 48 00 00 00 01 00 00 00 00 00 00 00 09 00 0C 
4C 00 00 00 01 00 00 00 00 00 00 00 04 00 00 4E 20 09 00 0C 50 00 00 00 03 00 
00 00 00 00 00 00 01 00 00 00 00 00 00 03 09 00 0C 80 00 00 00 00 00 00 00 00 
00 00 01 01 00 00 00 00 00 00 00 04 00 00 00 00 09 00 0C 80 00 00 00 01 00 00 
00 00 00 00 00 09 00 0C 84 00 00 00 01 00 00 00 00 00 00 00 09 00 0C 88 00 00 
00 01 00 00 00 00 00 00 00 09 00 0C 8C 00 00 00 01 00 00 00 00 00 00 00 09 00 
0C 90 00 00 00 01 00 00 00 00 00 00 00 09 00 0C A0 00 00 00 01 00 00 00 00 00 
00 00 09 00 0C A4 00 00 00 01 00 00 00 00 00 00 00 09 00 0C A8 00 00 00 01 00 
00 00 00 00 00 00 09 00 0C AC 00 00 00 01 00 00 00 00 00 00 00 09 00 0C B0 00 
00 00 01 00 00 00 00 00 00 00 09 00 0C C0 00 00 00 01 00 00 00 00 00 00 00 09 
00 0C C4 00 00 00 01 00 00 00 00 00 00 00 09 00 0C C8 00 00 00 01 00 00 00 00 
00 00 00 09 00 0C CC 00 00 00 01 00 00 00 00 00 00 00 04 00 00 4E 20 09 00 0C 
D0 00 00 00 03 00 00 00 00 00 00 00 01 00 00 00 00 00 00 03 09 00 0D 00 00 00 
00 00 00 00 00 00 00 00 01 01 00 00 00 00 00 00 00 04 00 00 00 00 09 00 0D 00 
00 00 00 01 00 00 00 00 00 00 00 09 00 0D 04 00 00 01 01 00 00 00 00 00 00 00 
09 00 0D 08 00 00 00 01 00 00 00 00 00 00 00 09 00 0D 0C 00 00 00 01 00 00 00 
00 00 00 00 09 00 0D 10 00 00 00 01 00 00 00 00 00 00 00 09 00 0D 20 00 00 00 
01 00 00 00 00 00 00 00 09 00 0D 24 00 00 00 01 00 00 00 00 00 00 00 09 00 0D 
28 00 02 00 01 00 00 00 00 00 00 00 09 00 0D 2C 00 00 00 01 00 00 00 00 00 00 
00 09 00 0D 30 00 00 00 01 00 00 00 00 00 00 00 09 00 0D 40 00 00 00 01 00 00 
00 00 00 00 00 09 00 0D 44 00 00 00 01 00 00 00 00 00 00 00 09 00 0D 48 00 00 
00 01 00 00 00 00 00 00 00 09 00 0D 4C 00 00 00 01 00 00 00 00 00 00 00 04 00 
00 4E 20 09 00 0D 50 00 00 00 03 00 00 00 00 00 00 00 01 00 00 00 00 00 00 03 
09 00 0D 80 00 00 00 00 00 00 00 00 00 00 01 01 00 00 00 00 00 00 00 04 00 00 
00 00 09 00 0D 80 00 00 00 01 00 00 00 00 00 00 00 09 00 0D 84 00 00 00 01 00 
00 00 00 00 00 00 09 00 0D 88 00 00 00 01 00 00 00 00 00 00 00 09 00 0D 8C 00 
00 00 01 00 00 00 00 00 00 00 09 00 0D 90 00 00 00 01 00 00 00 00 00 00 00 09 
00 0D A0 00 00 00 01 00 00 00 00 00 00 00 09 00 0D A4 00 00 00 01 00 00 00 00 
00 00 00 09 00 0D A8 00 00 00 01 00 00 00 00 00 00 00 09 00 0D AC 00 00 00 01 
00 00 00 00 00 00 00 09 00 0D B0 00 00 00 01 00 00 00 00 00 00 00 09 00 0D C0 
00 00 00 01 00 00 00 00 00 00 00 09 00 0D C4 00 00 00 01 00 00 00 00 00 00 00 
09 00 0D C8 00 00 00 01 00 00 00 00 00 00 00 09 00 0D CC 00 00 00 01 00 00 00 
00 00 00 00 04 00 00 4E 20 09 00 0D D0 00 00 00 03 00 00 00 00 00 00 00 01 00 
00 00 00 00 00 03 09 00 0E 00 00 00 00 00 00 00 00 00 00 00 01 01 00 00 00 00 
00 00 00 04 00 00 00 00 09 00 0E 00 00 00 00 01 00 00 00 00 00 00 00 09 00 0E 
04 00 00 00 01 00 00 00 00 00 00 00 09 00 0E 08 00 00 00 01 00 00 00 00 00 00 
00 09 00 0E 0C 00 00 00 01 00 00 00 00 00 00 00 09 00 0E 10 00 00 00 01 00 00 
00 00 00 00 00 09 00 0E 20 00 00 00 01 00 00 00 00 00 00 00 09 00 0E 24 00 00 
00 01 00 00 00 00 00 00 00 09 00 0E 28 00 00 00 01 00 00 00 00 00 00 00 09 00 
0E 2C 00 00 00 01 00 00 00 00 00 00 00 09 00 0E 30 00 00 00 01 00 00 00 00 00 
00 00 09 00 0E 40 00 00 00 01 00 00 00 00 00 00 00 09 00 0E 44 00 00 00 01 00 
00 00 00 00 00 00 09 00 0E 48 00 00 00 01 00 00 00 00 00 00 00 09 00 0E 4C 00 
00 00 01 00 00 00 00 00 00 00 04 00 00 4E 20 09 00 0E 50 00 00 00 03 00 00 00 
00 00 00 00 01 00 00 00 00 00 00 03 09 00 0E 80 00 00 00 00 00 00 00 00 00 00 
01 01 00 00 00 00 00 00 00 04 00 00 00 00 09 00 0E 80 00 00 00 01 00 00 00 00 
00 00 00 09 00 0E 84 00 00 00 01 00 00 00 00 00 00 00 09 00 0E 88 00 00 00 01 
00 00 00 00 00 00 00 09 00 0E 8C 00 00 00 01 00 00 00 00 00 00 00 09 00 0E 90 
00 00 00 01 00 00 00 00 00 00 00 09 00 0E A0 00 00 00 01 00 00 00 00 00 00 00 
09 00 0E A4 00 00 00 01 00 00 00 00 00 00 00 09 00 0E A8 00 00 00 01 00 00 00 
00 00 00 00 09 00 0E AC 00 00 00 01 00 00 00 00 00 00 00 09 00 0E B0 00 00 00 
01 00 00 00 00 00 00 00 09 00 0E C0 00 00 00 01 00 00 00 00 00 00 00 09 00 0E 
C4 00 00 00 01 00 00 00 00 00 00 00 09 00 0E C8 00 00 00 01 00 00 00 00 00 00 
00 09 00 0E CC 00 00 00 01 00 00 00 00 00 00 00 04 00 00 4E 20 09 00 0E D0 00 
00 00 03 00 00 00 00 00 00 00 01 00 00 00 00 00 00 03 09 00 0F 00 00 00 00 00 
00 00 00 00 00 00 01 01 00 00 00 00 00 00 00 04 00 00 00 00 09 00 0F 00 00 00 
00 01 00 00 00 00 00 00 00 09 00 0F 04 00 00 01 01 00 00 00 00 00 00 00 09 00 
0F 08 00 00 00 01 00 00 00 00 00 00 00 09 00 0F 0C 00 00 00 01 00 00 00 00 00 
00 00 09 00 0F 10 00 00 00 01 00 00 00 00 00 00 00 09 00 0F 20 00 00 00 01 00 
00 00 00 00 00 00 09 00 0F 24 00 00 00 01 00 00 00 00 00 00 00 09 00 0F 28 00 
02 00 01 00 00 00 00 00 00 00 09 00 0F 2C 00 00 00 01 00 00 00 00 00 00 00 09 
00 0F 30 00 00 00 01 00 00 00 00 00 00 00 09 00 0F 40 00 00 00 01 00 00 00 00 
00 00 00 09 00 0F 44 00 00 00 01 00 00 00 00 00 00 00 09 00 0F 48 00 00 00 01 
00 00 00 00 00 00 00 09 00 0F 4C 00 00 00 01 00 00 00 00 00 00 00 04 00 00 4E 
20 09 00 0F 50 00 00 00 03 00 00 00 00 00 00 00 01 00 00 00 00 00 00 03 09 00 
0F 80 00 00 00 00 00 00 00 00 00 00 01 01 00 00 00 00 00 00 00 04 00 00 00 00 
09 00 0F 80 00 00 00 01 00 00 00 00 00 00 00 09 00 0F 84 00 00 00 01 00 00 00 
00 00 00 00 09 00 0F 88 00 00 00 01 00 00 00 00 00 00 00 09 00 0F 8C 00 00 00 
01 00 00 00 00 00 00 00 09 00 0F 90 00 00 00 01 00 00 00 00 00 00 00 09 00 0F 
A0 00 00 00 01 00 00 00 00 00 00 00 09 00 0F A4 00 00 00 01 00 00 00 00 00 00 
00 09 00 0F A8 00 00 00 01 00 00 00 00 00 00 00 09 00 0F AC 00 00 00 01 00 00 
00 00 00 00 00 09 00 0F B0 00 00 00 01 00 00 00 00 00 00 00 09 00 0F C0 00 00 
00 01 00 00 00 00 00 00 00 09 00 0F C4 00 00 00 01 00 00 00 00 00 00 00 09 00 
0F C8 00 00 00 01 00 00 00 00 00 00 00 09 00 0F CC 00 00 00 01 00 00 00 00 00 
00 00 04 00 00 4E 20 09 00 0F D0 00 00 00 03 00 00 00 00 00 00 00 01 00 00 00 
00 00 00 03 09 00 10 00 00 00 00 00 00 00 00 00 00 00 01 01 00 00 00 00 00 00 
00 04 00 00 00 00 09 00 10 00 00 00 00 01 00 00 00 00 00 00 00 09 00 10 04 00 
00 01 01 00 00 00 00 00 00 00 09 00 10 08 00 00 00 01 00 00 00 00 00 00 00 09 
00 10 0C 00 00 00 01 00 00 00 00 00 00 00 09 00 10 10 00 00 00 01 00 00 00 00 
00 00 00 09 00 10 20 00 00 00 01 00 00 00 00 00 00 00 09 00 10 24 00 00 00 01 
00 00 00 00 00 00 00 09 00 10 28 00 02 00 01 00 00 00 00 00 00 00 09 00 10 2C 
00 00 00 01 00 00 00 00 00 00 00 09 00 10 30 00 00 00 01 00 00 00 00 00 00 00 
09 00 10 40 00 00 00 01 00 00 00 00 00 00 00 09 00 10 44 00 00 00 01 00 00 00 
00 00 00 00 09 00 10 48 00 00 00 01 00 00 00 00 00 00 00 09 00 10 4C 00 00 00 
01 00 00 00 00 00 00 00 04 00 00 4E 20 09 00 10 50 00 00 00 03 00 00 00 00 00 
00 00 01 00 00 00 00 00 00 03 09 00 10 80 00 00 00 00 00 00 00 00 00 00 01 01 
00 00 00 00 00 00 00 04 00 00 00 00 09 00 10 80 00 00 00 01 00 00 00 00 00 00 
00 09 00 10 84 00 00 00 01 00 00 00 00 00 00 00 09 00 10 88 00 00 00 01 00 00 
00 00 00 00 00 09 00 10 8C 00 00 00 01 00 00 00 00 00 00 00 09 00 10 90 00 00 
00 01 00 00 00 00 00 00 00 09 00 10 A0 00 00 00 01 00 00 00 00 00 00 00 09 00 
10 A4 00 00 00 01 00 00 00 00 00 00 00 09 00 10 A8 00 00 00 01 00 00 00 00 00 
00 00 09 00 10 AC 00 00 00 01 00 00 00 00 00 00 00 09 00 10 B0 00 00 00 01 00 
00 00 00 00 00 00 09 00 10 C0 00 00 00 01 00 00 00 00 00 00 00 09 00 10 C4 00 
00 00 01 00 00 00 00 00 00 00 09 00 10 C8 00 00 00 01 00 00 00 00 00 00 00 09 
00 10 CC 00 00 00 01 00 00 00 00 00 00 00 04 00 00 4E 20 09 00 10 D0 00 00 00 
03 00 00 00 00 00 00 00 01 00 00 00 00 00 00 03 09 00 11 00 00 00 00 00 00 00 
00 00 00 00 01 01 00 00 00 00 00 00 00 04 00 00 00 00 09 00 11 00 00 00 00 01 
00 00 00 00 00 00 00 09 00 11 04 00 00 00 01 00 00 00 00 00 00 00 09 00 11 08 
00 00 00 01 00 00 00 00 00 00 00 09 00 11 0C 00 00 00 01 00 00 00 00 00 00 00 
09 00 11 10 00 00 00 01 00 00 00 00 00 00 00 09 00 11 20 00 00 00 01 00 00 00 
00 00 00 00 09 00 11 24 00 00 00 01 00 00 00 00 00 00 00 09 00 11 28 00 00 00 
01 00 00 00 00 00 00 00 09 00 11 2C 00 00 00 01 00 00 00 00 00 00 00 09 00 11 
30 00 00 00 01 00 00 00 00 00 00 00 09 00 11 40 00 00 00 01 00 00 00 00 00 00 
00 09 00 11 44 00 00 00 01 00 00 00 00 00 00 00 09 00 11 48 00 00 00 01 00 00 
00 00 00 00 00 09 00 11 4C 00 00 00 01 00 00 00 00 00 00 00 04 00 00 4E 20 09 
00 11 50 00 00 00 03 00 00 00 00 00 00 00 01 00 00 00 00 00 00 03 09 00 11 80 
00 00 00 00 00 00 00 00 00 00 01 01 00 00 00 00 00 00 00 04 00 00 00 00 09 00 
11 80 00 00 00 01 00 00 00 00 00 00 00 09 00 11 84 00 00 00 01 00 00 00 00 00 
00 00 09 00 11 88 00 00 00 01 00 00 00 00 00 00 00 09 00 11 8C 00 00 00 01 00 
00 00 00 00 00 00 09 00 11 90 00 00 00 01 00 00 00 00 00 00 00 09 00 11 A0 00 
00 00 01 00 00 00 00 00 00 00 09 00 11 A4 00 00 00 01 00 00 00 00 00 00 00 09 
00 11 A8 00 00 00 01 00 00 00 00 00 00 00 09 00 11 AC 00 00 00 01 00 00 00 00 
00 00 00 09 00 11 B0 00 00 00 01 00 00 00 00 00 00 00 09 00 11 C0 00 00 00 01 
00 00 00 00 00 00 00 09 00 11 C4 00 00 00 01 00 00 00 00 00 00 00 09 00 11 C8 
00 00 00 01 00 00 00 00 00 00 00 09 00 11 CC 00 00 00 01 00 00 00 00 00 00 00 
04 00 00 4E 20 09 00 11 D0 00 00 00 03 00 00 00 00 00 00 00 01 00 00 00 00 00 
00 03 09 00 12 00 00 00 00 00 00 00 00 00 00 00 01 01 00 00 00 00 00 00 00 04 
00 00 00 00 09 00 12 00 00 00 00 01 00 00 00 00 00 00 00 09 00 12 04 00 00 00 
01 00 00 00 00 00 00 00 09 00 12 08 00 00 00 01 00 00 00 00 00 00 00 09 00 12 
0C 00 00 00 01 00 00 00 00 00 00 00 09 00 12 10 00 00 00 01 00 00 00 00 00 00 
00 09 00 12 20 00 00 00 01 00 00 00 00 00 00 00 09 00 12 24 00 00 00 01 00 00 
00 00 00 00 00 09 00 12 28 00 00 00 01 00 00 00 00 00 00 00 09 00 12 2C 00 00 
00 01 00 00 00 00 00 00 00 09 00 12 30 00 00 00 01 00 00 00 00 00 00 00 09 00 
12 40 00 00 00 01 00 00 00 00 00 00 00 09 00 12 44 00 00 00 01 00 00 00 00 00 
00 00 09 00 12 48 00 00 00 01 00 00 00 00 00 00 00 09 00 12 4C 00 00 00 01 00 
00 00 00 00 00 00 04 00 00 4E 20 09 00 12 50 00 00 00 03 00 00 00 00 00 00 00 
01 00 00 00 00 00 00 03 09 00 12 80 00 00 00 00 00 00 00 00 00 00 01 01 00 00 
00 00 00 00 00 04 00 00 00 00 09 00 12 80 00 00 00 01 00 00 00 00 00 00 00 09 
00 12 84 00 00 00 01 00 00 00 00 00 00 00 09 00 12 88 00 00 00 01 00 00 00 00 
00 00 00 09 00 12 8C 00 00 00 01 00 00 00 00 00 00 00 09 00 12 90 00 00 00 01 
00 00 00 00 00 00 00 09 00 12 A0 00 00 00 01 00 00 00 00 00 00 00 09 00 12 A4 
00 00 00 01 00 00 00 00 00 00 00 09 00 12 A8 00 00 00 01 00 00 00 00 00 00 00 
09 00 12 AC 00 00 00 01 00 00 00 00 00 00 00 09 00 12 B0 00 00 00 01 00 00 00 
00 00 00 00 09 00 12 C0 00 00 00 01 00 00 00 00 00 00 00 09 00 12 C4 00 00 00 
01 00 00 00 00 00 00 00 09 00 12 C8 00 00 00 01 00 00 00 00 00 00 00 09 00 12 
CC 00 00 00 01 00 00 00 00 00 00 00 04 00 00 4E 20 09 00 12 D0 00 00 00 03 00 
00 00 00 00 00 00 01 00 00 00 00 00 00 03 09 00 13 00 00 00 00 00 00 00 00 00 
00 00 01 01 00 00 00 00 00 00 00 04 00 00 00 00 09 00 13 00 00 00 00 01 00 00 
00 00 00 00 00 09 00 13 04 00 00 00 01 00 00 00 00 00 00 00 09 00 13 08 00 00 
00 01 00 00 00 00 00 00 00 09 00 13 0C 00 00 00 01 00 00 00 00 00 00 00 09 00 
13 10 00 00 00 01 00 00 00 00 00 00 00 09 00 13 20 00 00 00 01 00 00 00 00 00 
00 00 09 00 13 24 00 00 00 01 00 00 00 00 00 00 00 09 00 13 28 00 00 00 01 00 
00 00 00 00 00 00 09 00 13 2C 00 00 00 01 00 00 00 00 00 00 00 09 00 13 30 00 
00 00 01 00 00 00 00 00 00 00 09 00 13 40 00 00 00 01 00 00 00 00 00 00 00 09 
00 13 44 00 00 00 01 00 00 00 00 00 00 00 09 00 13 48 00 00 00 01 00 00 00 00 
00 00 00 09 00 13 4C 00 00 00 01 00 00 00 00 00 00 00 04 00 00 4E 20 09 00 13 
50 00 00 00 03 00 00 00 00 00 00 00 01 00 00 00 00 00 00 03 09 00 13 80 00 00 
00 00 00 00 00 00 00 00 01 01 00 00 00 00 00 00 00 04 00 00 00 00 09 00 13 80 
00 00 00 01 00 00 00 00 00 00 00 09 00 13 84 00 00 00 01 00 00 00 00 00 00 00 
09 00 13 88 00 00 00 01 00 00 00 00 00 00 00 09 00 13 8C 00 00 00 01 00 00 00 
00 00 00 00 09 00 13 90 00 00 00 01 00 00 00 00 00 00 00 09 00 13 A0 00 00 00 
01 00 00 00 00 00 00 00 09 00 13 A4 00 00 00 01 00 00 00 00 00 00 00 09 00 13 
A8 00 00 00 01 00 00 00 00 00 00 00 09 00 13 AC 00 00 00 01 00 00 00 00 00 00 
00 09 00 13 B0 00 00 00 01 00 00 00 00 00 00 00 09 00 13 C0 00 00 00 01 00 00 
00 00 00 00 00 09 00 13 C4 00 00 00 01 00 00 00 00 00 00 00 09 00 13 C8 00 00 
00 01 00 00 00 00 00 00 00 09 00 13 CC 00 00 00 01 00 00 00 00 00 00 00 04 00 
00 4E 20 09 00 13 D0 00 00 00 03 00 00 00 00 00 00 00 01 00 00 00 00 00 00 03 
09 00 14 00 00 00 00 00 00 00 00 00 00 00 01 01 00 00 00 00 00 00 00 04 00 00 
00 00 09 00 14 00 00 00 00 01 00 00 00 00 00 00 00 09 00 14 04 00 00 00 01 00 
00 00 00 00 00 00 09 00 14 08 00 00 00 01 00 00 00 00 00 00 00 09 00 14 0C 00 
00 00 01 00 00 00 00 00 00 00 09 00 14 10 00 00 00 01 00 00 00 00 00 00 00 09 
00 14 20 00 00 00 01 00 00 00 00 00 00 00 09 00 14 24 00 00 00 01 00 00 00 00 
00 00 00 09 00 14 28 00 00 00 01 00 00 00 00 00 00 00 09 00 14 2C 00 00 00 01 
00 00 00 00 00 00 00 09 00 14 30 00 00 00 01 00 00 00 00 00 00 00 09 00 14 40 
00 00 00 01 00 00 00 00 00 00 00 09 00 14 44 00 00 00 01 00 00 00 00 00 00 00 
09 00 14 48 00 00 00 01 00 00 00 00 00 00 00 09 00 14 4C 00 00 00 01 00 00 00 
00 00 00 00 04 00 00 4E 20 09 00 14 50 00 00 00 03 00 00 00 00 00 00 00 01 00 
00 00 00 00 00 03 09 00 14 80 00 00 00 00 00 00 00 00 00 00 01 01 00 00 00 00 
00 00 00 04 00 00 00 00 09 00 14 80 00 00 00 01 00 00 00 00 00 00 00 09 00 14 
84 00 00 00 01 00 00 00 00 00 00 00 09 00 14 88 00 00 00 01 00 00 00 00 00 00 
00 09 00 14 8C 00 00 00 01 00 00 00 00 00 00 00 09 00 14 90 00 00 00 01 00 00 
00 00 00 00 00 09 00 14 A0 00 00 00 01 00 00 00 00 00 00 00 09 00 14 A4 00 00 
00 01 00 00 00 00 00 00 00 09 00 14 A8 00 00 00 01 00 00 00 00 00 00 00 09 00 
14 AC 00 00 00 01 00 00 00 00 00 00 00 09 00 14 B0 00 00 00 01 00 00 00 00 00 
00 00 09 00 14 C0 00 00 00 01 00 00 00 00 00 00 00 09 00 14 C4 00 00 00 01 00 
00 00 00 00 00 00 09 00 14 C8 00 00 00 01 00 00 00 00 00 00 00 09 00 14 CC 00 
00 00 01 00 00 00 00 00 00 00 04 00 00 4E 20 09 00 14 D0 00 00 00 03 00 00 00 
00 00 00 00 01 00 00 00 00 00 00 03 09 00 15 00 00 00 00 00 00 00 00 00 00 00 
01 01 00 00 00 00 00 00 00 04 00 00 00 00 09 00 15 00 00 00 00 01 00 00 00 00 
00 00 00 09 00 15 04 00 00 00 01 00 00 00 00 00 00 00 09 00 15 08 00 00 00 01 
00 00 00 00 00 00 00 09 00 15 0C 00 00 00 01 00 00 00 00 00 00 00 09 00 15 10 
00 00 00 01 00 00 00 00 00 00 00 09 00 15 20 00 00 00 01 00 00 00 00 00 00 00 
09 00 15 24 00 00 00 01 00 00 00 00 00 00 00 09 00 15 28 00 00 00 01 00 00 00 
00 00 00 00 09 00 15 2C 00 00 00 01 00 00 00 00 00 00 00 09 00 15 30 00 00 00 
01 00 00 00 00 00 00 00 09 00 15 40 00 00 00 01 00 00 00 00 00 00 00 09 00 15 
44 00 00 00 01 00 00 00 00 00 00 00 09 00 15 48 00 00 00 01 00 00 00 00 00 00 
00 09 00 15 4C 00 00 00 01 00 00 00 00 00 00 00 04 00 00 4E 20 09 00 15 50 00 
00 00 03 00 00 00 00 00 00 00 01 00 00 00 00 00 00 03 09 00 15 80 00 00 00 00 
00 00 00 00 00 00 01 01 00 00 00 00 00 00 00 04 00 00 00 00 09 00 15 80 00 00 
00 01 00 00 00 00 00 00 00 09 00 15 84 00 00 00 01 00 00 00 00 00 00 00 09 00 
15 88 00 00 00 01 00 00 00 00 00 00 00 09 00 15 8C 00 00 00 01 00 00 00 00 00 
00 00 09 00 15 90 00 00 00 01 00 00 00 00 00 00 00 09 00 15 A0 00 00 00 01 00 
00 00 00 00 00 00 09 00 15 A4 00 00 00 01 00 00 00 00 00 00 00 09 00 15 A8 00 
00 00 01 00 00 00 00 00 00 00 09 00 15 AC 00 00 00 01 00 00 00 00 00 00 00 09 
00 15 B0 00 00 00 01 00 00 00 00 00 00 00 09 00 15 C0 00 00 00 01 00 00 00 00 
00 00 00 09 00 15 C4 00 00 00 01 00 00 00 00 00 00 00 09 00 15 C8 00 00 00 01 
00 00 00 00 00 00 00 09 00 15 CC 00 00 00 01 00 00 00 00 00 00 00 04 00 00 4E 
20 09 00 15 D0 00 00 00 03 00 00 00 00 00 00 00 01 00 00 00 00 00 00 03 09 00 
16 00 00 00 00 00 00 00 00 00 00 00 01 01 00 00 00 00 00 00 00 04 00 00 00 00 
09 00 16 00 00 00 00 01 00 00 00 00 00 00 00 09 00 16 04 00 00 00 01 00 00 00 
00 00 00 00 09 00 16 08 00 00 00 01 00 00 00 00 00 00 00 09 00 16 0C 00 00 00 
01 00 00 00 00 00 00 00 09 00 16 10 00 00 00 01 00 00 00 00 00 00 00 09 00 16 
20 00 00 00 01 00 00 00 00 00 00 00 09 00 16 24 00 00 00 01 00 00 00 00 00 00 
00 09 00 16 28 00 00 00 01 00 00 00 00 00 00 00 09 00 16 2C 00 00 00 01 00 00 
00 00 00 00 00 09 00 16 30 00 00 00 01 00 00 00 00 00 00 00 09 00 16 40 00 00 
00 01 00 00 00 00 00 00 00 09 00 16 44 00 00 00 01 00 00 00 00 00 00 00 09 00 
16 48 00 00 00 01 00 00 00 00 00 00 00 09 00 16 4C 00 00 00 01 00 00 00 00 00 
00 00 04 00 00 4E 20 09 00 16 50 00 00 00 03 00 00 00 00 00 00 00 01 00 00 00 
00 00 00 03 09 00 16 80 00 00 00 00 00 00 00 00 00 00 01 01 00 00 00 00 00 00 
00 04 00 00 00 00 09 00 16 80 00 00 00 01 00 00 00 00 00 00 00 09 00 16 84 00 
00 01 01 00 00 00 00 00 00 00 09 00 16 88 00 00 00 01 00 00 00 00 00 00 00 09 
00 16 8C 00 00 00 01 00 00 00 00 00 00 00 09 00 16 90 00 00 00 01 00 00 00 00 
00 00 00 09 00 16 A0 00 00 00 01 00 00 00 00 00 00 00 09 00 16 A4 00 00 00 01 
00 00 00 00 00 00 00 09 00 16 A8 00 02 00 01 00 00 00 00 00 00 00 09 00 16 AC 
00 00 00 01 00 00 00 00 00 00 00 09 00 16 B0 00 00 00 01 00 00 00 00 00 00 00 
09 00 16 C0 00 00 00 01 00 00 00 00 00 00 00 09 00 16 C4 00 00 00 01 00 00 00 
00 00 00 00 09 00 16 C8 00 00 00 01 00 00 00 00 00 00 00 09 00 16 CC 00 00 00 
01 00 00 00 00 00 00 00 04 00 00 4E 20 09 00 16 D0 00 00 00 03 00 00 00 00 00 
00 00 01 00 00 00 00 00 00 03 09 00 17 00 00 00 00 00 00 00 00 00 00 00 01 01 
00 00 00 00 00 00 00 04 00 00 00 00 09 00 17 00 00 00 00 01 00 00 00 00 00 00 
00 09 00 17 04 00 00 00 01 00 00 00 00 00 00 00 09 00 17 08 00 00 00 01 00 00 
00 00 00 00 00 09 00 17 0C 00 00 00 01 00 00 00 00 00 00 00 09 00 17 10 00 00 
00 01 00 00 00 00 00 00 00 09 00 17 20 00 00 00 01 00 00 00 00 00 00 00 09 00 
17 24 00 00 00 01 00 00 00 00 00 00 00 09 00 17 28 00 00 00 01 00 00 00 00 00 
00 00 09 00 17 2C 00 00 00 01 00 00 00 00 00 00 00 09 00 17 30 00 00 00 01 00 
00 00 00 00 00 00 09 00 17 40 00 00 00 01 00 00 00 00 00 00 00 09 00 17 44 00 
00 00 01 00 00 00 00 00 00 00 09 00 17 48 00 00 00 01 00 00 00 00 00 00 00 09 
00 17 4C 00 00 00 01 00 00 00 00 00 00 00 04 00 00 4E 20 09 00 17 50 00 00 00 
03 00 00 00 00 00 00 00 01 00 00 00 00 00 00 03 09 00 17 80 00 00 00 00 00 00 
00 00 00 00 01 01 00 00 00 00 00 00 00 04 00 00 00 00 09 00 17 80 00 00 00 01 
00 00 00 00 00 00 00 09 00 17 84 00 00 00 01 00 00 00 00 00 00 00 09 00 17 88 
00 00 00 01 00 00 00 00 00 00 00 09 00 17 8C 00 00 00 01 00 00 00 00 00 00 00 
09 00 17 90 00 00 00 01 00 00 00 00 00 00 00 09 00 17 A0 00 00 00 01 00 00 00 
00 00 00 00 09 00 17 A4 00 00 00 01 00 00 00 00 00 00 00 09 00 17 A8 00 00 00 
01 00 00 00 00 00 00 00 09 00 17 AC 00 00 00 01 00 00 00 00 00 00 00 09 00 17 
B0 00 00 00 01 00 00 00 00 00 00 00 09 00 17 C0 00 00 00 01 00 00 00 00 00 00 
00 09 00 17 C4 00 00 00 01 00 00 00 00 00 00 00 09 00 17 C8 00 00 00 01 00 00 
00 00 00 00 00 09 00 17 CC 00 00 00 01 00 00 00 00 00 00 00 04 00 00 4E 20 09 
00 17 D0 00 00 00 03 00 00 00 00 00 00 00 01 00 00 00 00 00 00 03 09 00 18 00 
00 00 00 00 00 00 00 00 00 00 01 01 00 00 00 00 00 00 00 04 00 00 00 00 09 00 
18 00 00 00 00 01 00 00 00 00 00 00 00 09 00 18 04 00 00 00 01 00 00 00 00 00 
00 00 09 00 18 08 00 00 00 01 00 00 00 00 00 00 00 09 00 18 0C 00 00 00 01 00 
00 00 00 00 00 00 09 00 18 10 00 00 00 01 00 00 00 00 00 00 00 09 00 18 20 00 
00 00 01 00 00 00 00 00 00 00 09 00 18 24 00 00 00 01 00 00 00 00 00 00 00 09 
00 18 28 00 00 00 01 00 00 00 00 00 00 00 09 00 18 2C 00 00 00 01 00 00 00 00 
00 00 00 09 00 18 30 00 00 00 01 00 00 00 00 00 00 00 09 00 18 40 00 00 00 01 
00 00 00 00 00 00 00 09 00 18 44 00 00 00 01 00 00 00 00 00 00 00 09 00 18 48 
00 00 00 01 00 00 00 00 00 00 00 09 00 18 4C 00 00 00 01 00 00 00 00 00 00 00 
04 00 00 4E 20 09 00 18 50 00 00 00 03 00 00 00 00 00 00 00 01 00 00 00 00 00 
00 03 09 00 18 80 00 00 00 00 00 00 00 00 00 00 01 01 00 00 00 00 00 00 00 04 
00 00 00 00 09 00 18 80 00 00 00 01 00 00 00 00 00 00 00 09 00 18 84 00 00 00 
01 00 00 00 00 00 00 00 09 00 18 88 00 00 00 01 00 00 00 00 00 00 00 09 00 18 
8C 00 00 00 01 00 00 00 00 00 00 00 09 00 18 90 00 00 00 01 00 00 00 00 00 00 
00 09 00 18 A0 00 00 00 01 00 00 00 00 00 00 00 09 00 18 A4 00 00 00 01 00 00 
00 00 00 00 00 09 00 18 A8 00 00 00 01 00 00 00 00 00 00 00 09 00 18 AC 00 00 
00 01 00 00 00 00 00 00 00 09 00 18 B0 00 00 00 01 00 00 00 00 00 00 00 09 00 
18 C0 00 00 00 01 00 00 00 00 00 00 00 09 00 18 C4 00 00 00 01 00 00 00 00 00 
00 00 09 00 18 C8 00 00 00 01 00 00 00 00 00 00 00 09 00 18 CC 00 00 00 01 00 
00 00 00 00 00 00 04 00 00 4E 20 09 00 18 D0 00 00 00 03 00 00 00 00 00 00 00 
01 00 00 00 00 00 00 03 09 00 19 00 00 00 00 00 00 00 00 00 00 00 01 01 00 00 
00 00 00 00 00 04 00 00 00 00 09 00 19 00 00 00 00 01 00 00 00 00 00 00 00 09 
00 19 04 00 00 00 01 00 00 00 00 00 00 00 09 00 19 08 00 00 00 01 00 00 00 00 
00 00 00 09 00 19 0C 00 00 00 01 00 00 00 00 00 00 00 09 00 19 10 00 00 00 01 
00 00 00 00 00 00 00 09 00 19 20 00 00 00 01 00 00 00 00 00 00 00 09 00 19 24 
00 00 00 01 00 00 00 00 00 00 00 09 00 19 28 00 00 00 01 00 00 00 00 00 00 00 
09 00 19 2C 00 00 00 01 00 00 00 00 00 00 00 09 00 19 30 00 00 00 01 00 00 00 
00 00 00 00 09 00 19 40 00 00 00 01 00 00 00 00 00 00 00 09 00 19 44 00 00 00 
01 00 00 00 00 00 00 00 09 00 19 48 00 00 00 01 00 00 00 00 00 00 00 09 00 19 
4C 00 00 00 01 00 00 00 00 00 00 00 04 00 00 4E 20 09 00 19 50 00 00 00 03 00 
00 00 00 00 00 00 01 00 00 00 00 00 00 03 09 00 19 80 00 00 00 00 00 00 00 00 
00 00 01 01 00 00 00 00 00 00 00 04 00 00 00 00 09 00 19 80 00 00 00 01 00 00 
00 00 00 00 00 09 00 19 84 00 00 00 01 00 00 00 00 00 00 00 09 00 19 88 00 00 
00 01 00 00 00 00 00 00 00 09 00 19 8C 00 00 00 01 00 00 00 00 00 00 00 09 00 
19 90 00 00 00 01 00 00 00 00 00 00 00 09 00 19 A0 00 00 00 01 00 00 00 00 00 
00 00 09 00 19 A4 00 00 00 01 00 00 00 00 00 00 00 09 00 19 A8 00 00 00 01 00 
00 00 00 00 00 00 09 00 19 AC 00 00 00 01 00 00 00 00 00 00 00 09 00 19 B0 00 
00 00 01 00 00 00 00 00 00 00 09 00 19 C0 00 00 00 01 00 00 00 00 00 00 00 09 
00 19 C4 00 00 00 01 00 00 00 00 00 00 00 09 00 19 C8 00 00 00 01 00 00 00 00 
00 00 00 09 00 19 CC 00 00 00 01 00 00 00 00 00 00 00 04 00 00 4E 20 09 00 19 
D0 00 00 00 03 00 00 00 00 00 00 00 01 00 00 00 00 00 00 03 09 00 
 Thank you for Playing! :-)

